WARNING: not updating modulefiles
Use alienv list to list loaded modules.
Error in <TSystem::ExpandFileName>: input: $HOME/.root.mimes, output: $HOME/.root.mimes
Info in <TGeoManager::TGeoManager>: Geometry FAIRGeom, FAIR geometry created
Info in <TGeoManager::SetTopVolume>: Top volume is cave. Master volume is cave
Info in <TGeoNavigator::BuildCache>: --- Maximum geometry depth set to 100
Info in <TGeoManager::SetVisLevel>: Automatic visible depth disabled
Info in <TGeoManager::CheckGeometry>: Fixing runtime shapes...
Info in <TGeoManager::CheckGeometry>: ...Nothing to fix
Info in <TGeoManager::CloseGeometry>: Counting nodes...
Info in <TGeoManager::Voxelize>: Voxelizing...
Info in <TGeoManager::CloseGeometry>: Building cache...
Info in <TGeoManager::CountLevels>: max level = 7, max placements = 2829
Info in <TGeoManager::CloseGeometry>: 342536 nodes/ 81 volume UID's in FAIR geometry
Info in <TGeoManager::CloseGeometry>: ----------------modeler ready----------------
Info in <TObject::SetNavigator>: TG4RootNavigator created and registered to G4TransportationManager
Info in <TObject::Initialize>: Creating G4 hierarchy ...
Info in <TGeoManager::ConvertReflections>: Converting reflections in: FAIRGeom - FAIR geometry ...
Info in <TGeoManager::ConvertReflections>: Done
Info in <TObject::ConnectToG4>: ROOT detector construction class connected to G4RunManager
Error in <TSystem::ExpandFileName>: input: $HOME/.root.mimes, output: $HOME/.root.mimes
Info in <TGeoManager::CloseGeometry>: Geometry loaded from file...
Info in <TGeoManager::SetTopVolume>: Top volume is cave. Master volume is cave
Info in <TGeoNavigator::BuildCache>: --- Maximum geometry depth set to 100
Info in <TGeoManager::Voxelize>: Voxelizing...
Info in <TGeoManager::CountLevels>: max level = 7, max placements = 2829
Info in <TGeoManager::CloseGeometry>: 342536 nodes/ 81 volume UID's in FAIR geometry
Info in <TGeoManager::CloseGeometry>: ----------------modeler ready----------------
Error in <FairRuntimeDb::initContainers()>: Error occured during initialization
Error in <FairRuntimeDb::initContainers()>: Error occured during initialization
TTree::Bronch:0: RuntimeWarning: Using split mode on a class: sndCluster with a custom Streamer
Error in <TList::Clear>: A list is accessing an object (0xcde7a80) already deleted (list name = Browsables)
