73
--Setup
detected OS CentOS7
search libraries in slc7_x86-64
STARTING PG with pions, 100 GeV
Starting event number: 720
python /eos/user/s/skatsaro/sndsw/shipLHC/run_simSND.py --PG --pID 211 --Estart 100 --Eend 100 --EVx -28 --EVy 35.5 --EVz 291 -n 10 -o /eos/user/s/skatsaro/PGsim/depth_291/pions_100/Ntuples/73
[WARN] FairRun::SetOutputFile() deprecated. Use FairRootFileSink.
[INFO] Media file used: /eos/user/s/skatsaro/sw/slc7_x86-64/sndsw/master-local1/geometry/media.geo

************************************************************* 
     initialisation for run id 1690367608
************************************************************* 
[WARN] FairGenericVMCConfig::Setup() Using gConfig.C macro DEPRACATED.
[WARN] Check FairRoot/examples/common/gconfig/ for current YAML implementation.

=============================================================
 Virtual Monte Carlo Library
 Version 2.0 ( 10 February 2022 )
=============================================================

=============================================================
 Geant4 Virtual Monte Carlo 
 Version 6.1 ( 17 March 2022 )
 WWW : http://root.cern.ch/drupal/content/geant4-vmc
=============================================================

Running TVirtualMCApplication::ConstructGeometry
isMaster=1

**************************************************************
 Geant4 version Name: geant4-11-01    (9-December-2022)
                       Copyright : Geant4 Collaboration
                      References : NIM A 506 (2003), 250-303
                                 : IEEE-TNS 53 (2006), 270-278
                                 : NIM A 835 (2016), 186-225
                             WWW : http://geant4.org/
**************************************************************

===> GEANT4 materials created and mapped to TGeo ones...
===> GEANT4 physical volumes created and mapped to TGeo hierarchy...
### INFO: TG4RootDetectorConstruction::Construct() finished
TG4PostDetConstruction::Initialize
G4 Stat: instantiated 67 logical volumes 
                      6411 physical volumes
Adding HadronPhysicsList QGSP_BERT_HP_PEN
G4PhysListFactory::GetReferencePhysList <QGSP_BERT_HP_PEN>  EMoption= 6
<<< Geant4 Physics List simulation engine: QGSP_BERT_HP

G4VModularPhysicsList::ReplacePhysics: G4EmStandard with type : 2 is replaced with G4EmPenelope

Adding SpecialPhysicsList stepLimiter+specialCuts+
### TG4SpecialControlsV2 constructed
Visualization Manager instantiating with verbosity "warnings (3)"...
 -I g4Config() using g4conf  macro: /eos/user/s/skatsaro/sw/slc7_x86-64/sndsw/master-local1/gconfig/g4config.in
You are setting a new verbose level for Particle HP package.
the new value will be used in whole of the Particle HP package, i.e., models and cross sections for Capture, Elastic, Fission and Inelastic interaction.
SetCuts Macro: Setting Processes..
SetCuts Macro: Setting cuts..
TG4RootDetectorConstruction::ConstructSDandField
TG4PostDetConstruction::InitializeSDandField
### INFO: TG4RootDetectorConstruction::ConstructSDandField finished
The cross section for GammaConversionToMuons is artificially increased by the CrossSecFactor=1
TG4ComposedPhysicsList::ConstructProcess done
Available UI session types: [ tcsh, csh ]

**********************************************
    GEANT4 Geometry statistics: 
             67 logical volumes
           6411 physical volumes
             20 materials
             18 user limits
             67 sensitive detectors
**********************************************


GammaToMuPair:  gamma->mu+mu- Bethe Heitler process, SubType= 15
        good cross section parametrization from 211.317 MeV to 1e+12 GeV for all Z.

AnnihiToMuPair:  e+e->mu+mu- annihilation, atomic e- at rest, SubType=6
        threshold at 43.6931 GeV good description up to 1000 TeV for all Z.

AnnihiToTauPair:  e+e->tau+tau- annihilation, atomic e- at rest, SubType=18
        threshold at 12357.1 GeV good description up to 1000 TeV for all Z.
---------------------------------------------------------------------------
FairBaseContFact:  Factory for parameter containers in libSts
---------------------------------------------------------------------------
FairBaseParSet	class for parameter io
     actual context:  DefaultContext
FairGeoParSet	class for Geo parameter
     actual context:  DefaultContext
---------------------------------------------------------------------------
EmulsionDetContFact:  Factory for parameter containers in libBOxSensitive
---------------------------------------------------------------------------
FairGeoBoxSensitivePar	BoxSensitive Geometry Parameters
  all contexts:
     TestDefaultContext	 default
     TestNonDefaultContext
--------------------------------------------------------------------------------
--------------  actual containers in runtime database  -------------------------
FairBaseParSet                                 class for parameter io
FairGeoParSet                                  class for Geo parameter
--------------  runs, versions  ------------------------------------------------
run id
  container                                        1st-inp    2nd-inp    output
run: 1690367608
  FairBaseParSet                                1690367608         -1          1
  FairGeoParSet                                 1690367608         -1          1
--------------  input/output  --------------------------------------------------
first input: none
second input: none
output:
OBJ: FairParRootFile	/eos/user/s/skatsaro/PGsim/depth_291/pions_100/Ntuples/73/ship.params.PG_211-TGeant4.root	 : 0 at: 0x4e896150
Root file I/O /eos/user/s/skatsaro/PGsim/depth_291/pions_100/Ntuples/73/ship.params.PG_211-TGeant4.root is open
detector I/Os:  FairGenericParIo
SND@LHC setup for PG to produce 10 events
 
Macro finished succesfully.
Output file is  /eos/user/s/skatsaro/PGsim/depth_291/pions_100/Ntuples/73/sndLHC.PG_211-TGeant4.root
Geometry file is  /eos/user/s/skatsaro/PGsim/depth_291/pions_100/Ntuples/73/geofile_full.PG_211-TGeant4.root
Real time  240.55749607086182  s, CPU time  228.86 s
Exit normally
STARTING digitisation for the directory /eos/user/s/skatsaro/PGsim/depth_291/pions_100/Ntuples/73
[INFO] The input consists out of the following trees and files: 
[INFO]  - cbmsim
[INFO]     - root://eosuser.cern.ch//eos/user/s/skatsaro/PGsim/depth_291/pions_100/Ntuples/73/sndLHC.PG_211-TGeant4.root
[INFO] FairRootFileSink initialized.
[INFO]  - cbmout_0
[INFO]     - sndLHC.PG_211-TGeant4_digCPP.root
[INFO] Parameter and input file are available, Assure that basic info is there for the run!
[INFO] ---FairRootManager::SpecifyRunId --- 
[INFO] --- Initialize with RunId  --- 1690367608

************************************************************* 
     initialisation for run id 1690367608
************************************************************* 
-I- FairRunTimeDB::InitContainer() FairGeoParSet
[ERROR] init() FairGeoParSet not initialized
-I- FairRunTimeDB::InitContainer() FairBaseParSet
[ERROR] init() FairBaseParSet not initialized

************************************************************* 
     initialisation for run id 1690367608
************************************************************* 
-I- FairRunTimeDB::InitContainer() FairGeoParSet
[ERROR] init() FairGeoParSet not initialized
-I- FairRunTimeDB::InitContainer() FairBaseParSet
[ERROR] init() FairBaseParSet not initialized
[INFO] Object MCEventHeader. describing the branch in the folder structure was found
[INFO] Object ScifiPoint describing the branch in the folder structure was found
[INFO] Object vetoPoint describing the branch in the folder structure was found
[INFO] Object EmulsionDetPoint describing the branch in the folder structure was found
[INFO] Object MuFilterPoint describing the branch in the folder structure was found
[INFO] Object MCTrack describing the branch in the folder structure was found
[INFO] FairRunAna::Run() After checking, the run will run from event 0 to 10.
using geofile: root://eosuser.cern.ch//eos/user/s/skatsaro/PGsim/depth_291/pions_100/Ntuples/73/geofile_full.PG_211-TGeant4.root
 
Real time  19.990175008773804  s, CPU time  11.07 s
Exit normally
--End
